{
  "stats": {
    "suites": 1,
    "tests": 1,
    "passes": 0,
    "pending": 0,
    "failures": 1,
    "start": "2021-09-09T22:33:40.723Z",
    "end": "2021-09-09T22:33:52.380Z",
    "duration": 11657,
    "testsRegistered": 1,
    "passPercent": 0,
    "pendingPercent": 0,
    "other": 0,
    "hasOther": false,
    "skipped": 0,
    "hasSkipped": false
  },
  "results": [
    {
      "uuid": "4d7ae47d-6116-4457-8c5b-c47f1816955f",
      "title": "",
      "fullFile": "cypress/integration/Classificados/Home/login.spec.js",
      "file": "cypress/integration/Classificados/Home/login.spec.js",
      "beforeHooks": [],
      "afterHooks": [],
      "tests": [],
      "suites": [
        {
          "uuid": "19fd083e-68b1-4b5d-aaab-f29e479674e4",
          "title": "Testes de Login",
          "fullFile": "",
          "file": "",
          "beforeHooks": [],
          "afterHooks": [],
          "tests": [
            {
              "title": "Deve poder realizar login",
              "fullTitle": "Testes de Login Deve poder realizar login",
              "timedOut": null,
              "duration": 9310,
              "state": "failed",
              "speed": null,
              "pass": false,
              "fail": true,
              "pending": false,
              "context": null,
              "code": "_Home.default.AcessarLogin();\n_Home.default.PreencherLogin();\n_Home.default.ValidarLogin();",
              "err": {
                "message": "CypressError: Timed out retrying after 5000ms: `cy.wait()` timed out waiting `5000ms` for the 1st request to the route: `login`. No request ever occurred.\n\nhttps://on.cypress.io/wait",
                "estack": "CypressError: Timed out retrying after 5000ms: `cy.wait()` timed out waiting `5000ms` for the 1st request to the route: `login`. No request ever occurred.\n\nhttps://on.cypress.io/wait\n    at cypressErr (https://www.socarrao.com.br/__cypress/runner/cypress_runner.js:156075:18)\n    at Object.errByPath (https://www.socarrao.com.br/__cypress/runner/cypress_runner.js:156144:10)\n    at checkForXhr (https://www.socarrao.com.br/__cypress/runner/cypress_runner.js:142743:33)\n    at https://www.socarrao.com.br/__cypress/runner/cypress_runner.js:142766:28\n    at tryCatcher (https://www.socarrao.com.br/__cypress/runner/cypress_runner.js:10798:23)\n    at Function.Promise.attempt.Promise.try (https://www.socarrao.com.br/__cypress/runner/cypress_runner.js:8072:29)\n    at tryFn (https://www.socarrao.com.br/__cypress/runner/cypress_runner.js:148863:21)\n    at whenStable (https://www.socarrao.com.br/__cypress/runner/cypress_runner.js:148901:12)\n    at https://www.socarrao.com.br/__cypress/runner/cypress_runner.js:148393:16\n    at tryCatcher (https://www.socarrao.com.br/__cypress/runner/cypress_runner.js:10798:23)\n    at Promise._settlePromiseFromHandler (https://www.socarrao.com.br/__cypress/runner/cypress_runner.js:8733:31)\n    at Promise._settlePromise (https://www.socarrao.com.br/__cypress/runner/cypress_runner.js:8790:18)\n    at Promise._settlePromise0 (https://www.socarrao.com.br/__cypress/runner/cypress_runner.js:8835:10)\n    at Promise._settlePromises (https://www.socarrao.com.br/__cypress/runner/cypress_runner.js:8915:18)\n    at Promise._fulfill (https://www.socarrao.com.br/__cypress/runner/cypress_runner.js:8859:18)\n    at https://www.socarrao.com.br/__cypress/runner/cypress_runner.js:10473:46\nFrom Your Spec Code:\n    at Home.ValidarLogin (https://www.socarrao.com.br/__cypress/tests?p=cypress/integration/Classificados/Home/login.spec.js:207:8)\n    at Context.eval (https://www.socarrao.com.br/__cypress/tests?p=cypress/integration/Classificados/Home/login.spec.js:131:19)",
                "diff": null
              },
              "uuid": "8edeb273-f871-41a7-94ab-83f305e50a68",
              "parentUUID": "19fd083e-68b1-4b5d-aaab-f29e479674e4",
              "isHook": false,
              "skipped": false
            }
          ],
          "suites": [],
          "passes": [],
          "failures": [
            "8edeb273-f871-41a7-94ab-83f305e50a68"
          ],
          "pending": [],
          "skipped": [],
          "duration": 9310,
          "root": false,
          "rootEmpty": false,
          "_timeout": 2000
        }
      ],
      "passes": [],
      "failures": [],
      "pending": [],
      "skipped": [],
      "duration": 0,
      "root": true,
      "rootEmpty": true,
      "_timeout": 2000
    }
  ],
  "meta": {
    "mocha": {
      "version": "7.0.1"
    },
    "mochawesome": {
      "options": {
        "quiet": false,
        "reportFilename": "mochawesome",
        "saveHtml": false,
        "saveJson": true,
        "consoleReporter": "spec",
        "useInlineDiffs": false,
        "code": true
      },
      "version": "6.2.2"
    },
    "marge": {
      "options": {
        "id": "default",
        "reportDir": "cypress/reports/mocha",
        "quite": true,
        "overwrite": false,
        "html": false,
        "json": true
      },
      "version": "5.2.0"
    }
  }
}